<?xml version="1.0" encoding="UTF-8"?>
<!-- Generated by org.testng.reporters.JUnitReportReporter -->
<testsuite hostname="DESKTOP-OD4QQKM" failures="0" tests="15" name="red.Assured" time="3.427" errors="0" timestamp="2024-02-02T17:52:31 IST" skipped="13">
  <testcase classname="red.Assured" name="UnSuccessFullRegister" time="2.884"/>
  <system-out/>
  <testcase classname="red.Assured" name="delete" time="0.543"/>
  <system-out/>
  <testcase classname="red.Assured" name="UnsuccessfulLogin">
    <skipped/>
  </testcase> <!-- UnsuccessfulLogin -->
  <system-out/>
  <testcase classname="red.Assured" name="singleRessourse">
    <skipped/>
  </testcase> <!-- singleRessourse -->
  <system-out/>
  <testcase classname="red.Assured" name="Delete">
    <skipped/>
  </testcase> <!-- Delete -->
  <system-out/>
  <testcase classname="red.Assured" name="singleUserNotFound">
    <skipped/>
  </testcase> <!-- singleUserNotFound -->
  <system-out/>
  <testcase classname="red.Assured" name="ListUsers">
    <skipped/>
  </testcase> <!-- ListUsers -->
  <system-out/>
  <testcase classname="red.Assured" name="singleUser">
    <skipped/>
  </testcase> <!-- singleUser -->
  <system-out/>
  <testcase classname="red.Assured" name="loginSuccessFul">
    <skipped/>
  </testcase> <!-- loginSuccessFul -->
  <system-out/>
  <testcase classname="red.Assured" name="listuser">
    <skipped/>
  </testcase> <!-- listuser -->
  <system-out/>
  <testcase classname="red.Assured" name="Register">
    <skipped/>
  </testcase> <!-- Register -->
  <system-out/>
  <testcase classname="red.Assured" name="SingleUser">
    <skipped/>
  </testcase> <!-- SingleUser -->
  <system-out/>
  <testcase classname="red.Assured" name="setup">
    <skipped/>
  </testcase> <!-- setup -->
  <system-out/>
  <testcase classname="red.Assured" name="create">
    <skipped/>
  </testcase> <!-- create -->
  <system-out/>
  <testcase classname="red.Assured" name="listResourse">
    <skipped/>
  </testcase> <!-- listResourse -->
  <system-out/>
</testsuite> <!-- red.Assured -->
